<?xml version="1.0" encoding="UTF-8"?>
<coverage generated="1602884410510" clover="3.2.0">
  <project timestamp="1602884410510" name="All files">
    <metrics statements="1" coveredstatements="1" conditionals="2" coveredconditionals="2" methods="1" coveredmethods="1" elements="4" coveredelements="4" complexity="0" loc="1" ncloc="1" packages="1" files="1" classes="1"/>
    <file name="render.js" path="/home/soutoigor/Documents/projects/vue-course/vuedoro/tests/unit/render.js">
      <metrics statements="1" coveredstatements="1" conditionals="2" coveredconditionals="2" methods="1" coveredmethods="1"/>
      <line num="4" count="1" type="cond" truecount="2" falsecount="0"/>
    </file>
  </project>
</coverage>
