{"/home/soutoigor/Documents/projects/vue-course/vuedoro/tests/unit/render.js": {"path":"/home/soutoigor/Documents/projects/vue-course/vuedoro/tests/unit/render.js","statementMap":{"0":{"start":{"line":4,"column":15},"end":{"line":10,"column":1}},"1":{"start":{"line":4,"column":62},"end":{"line":10,"column":1}}},"fnMap":{"0":{"name":"(anonymous_0)","decl":{"start":{"line":4,"column":15},"end":{"line":4,"column":16}},"loc":{"start":{"line":4,"column":62},"end":{"line":10,"column":1}},"line":4}},"branchMap":{"0":{"loc":{"start":{"line":4,"column":27},"end":{"line":4,"column":39}},"type":"default-arg","locations":[{"start":{"line":4,"column":37},"end":{"line":4,"column":39}}],"line":4},"1":{"loc":{"start":{"line":4,"column":41},"end":{"line":4,"column":57}},"type":"default-arg","locations":[{"start":{"line":4,"column":53},"end":{"line":4,"column":57}}],"line":4}},"s":{"0":1,"1":1},"f":{"0":1},"b":{"0":[1],"1":[1]},"_coverageSchema":"43e27e138ebf9cfc5966b082cf9a028302ed4184","hash":"8d61cb3bd6016be148f8e93e08a62093cae7a188"}
}
